<?xml version="1.0" encoding="UTF-8" standalone="no"?>
<!DOCTYPE log SYSTEM "logger.dtd">
<log>
<record>
  <date>2017-06-19T14:09:53.522-0300</date>
  <logger>REBECA MIRANDA BELTRAO DE OLIVEIRA</logger>
  <level>FINE</level>
  <message>File 115210857-REBECA MIRANDA BELTRAO DE OLIVEIRA.zip was received. It was sent by REBECA MIRANDA BELTRAO DE OLIVEIRA from IP 127.0.1.1</message>
</record>
</log>
<?xml version="1.0" encoding="UTF-8" standalone="no"?>
<!DOCTYPE log SYSTEM "logger.dtd">
<log>
<record>
  <date>2017-06-19T14:34:38.250-0300</date>
  <logger>REBECA MIRANDA BELTRAO DE OLIVEIRA</logger>
  <level>FINE</level>
  <message>File 115210857-REBECA MIRANDA BELTRAO DE OLIVEIRA.zip was received. It was sent by REBECA MIRANDA BELTRAO DE OLIVEIRA from IP 127.0.1.1</message>
</record>
</log>
<?xml version="1.0" encoding="UTF-8" standalone="no"?>
<!DOCTYPE log SYSTEM "logger.dtd">
<log>
<record>
  <date>2017-06-19T18:19:18.153-0300</date>
  <logger>REBECA MIRANDA BELTRAO DE OLIVEIRA</logger>
  <level>FINE</level>
  <message>File 115210857-REBECA MIRANDA BELTRAO DE OLIVEIRA.zip was received. It was sent by REBECA MIRANDA BELTRAO DE OLIVEIRA from IP 192.168.15.97</message>
</record>
